# JRE version: Java(TM) SE Runtime Environment (7.0_79-b15) (build 1.7.0_79-b15)
# Java VM: Java HotSpot(TM) 64-Bit Server VM (24.79-b02 mixed mode windows-amd64 compressed oops)
Heap
 PSYoungGen      total 93696K, used 60600K [0x00000000eaa80000, 0x00000000f1580000, 0x0000000100000000)
  eden space 78848K, 65% used [0x00000000eaa80000,0x00000000edcb1290,0x00000000ef780000)
  from space 14848K, 61% used [0x00000000f0700000,0x00000000f0ffced8,0x00000000f1580000)
  to   space 15360K, 0% used [0x00000000ef780000,0x00000000ef780000,0x00000000f0680000)
 ParOldGen       total 65536K, used 52666K [0x00000000c0000000, 0x00000000c4000000, 0x00000000eaa80000)
  object space 65536K, 80% used [0x00000000c0000000,0x00000000c336e8e8,0x00000000c4000000)
 PSPermGen       total 21504K, used 5950K [0x00000000bae00000, 0x00000000bc300000, 0x00000000c0000000)
  object space 21504K, 27% used [0x00000000bae00000,0x00000000bb3cf9a0,0x00000000bc300000)
GC Heap History (10 events):
Event: 7.086 GC heap before
{Heap before GC invocations=6 (full 0):
 PSYoungGen      total 53248K, used 53230K [0x00000000eaa80000, 0x00000000ee280000, 0x0000000100000000)
  eden space 49152K, 100% used [0x00000000eaa80000,0x00000000eda80000,0x00000000eda80000)
  from space 4096K, 99% used [0x00000000eda80000,0x00000000ede7b9a8,0x00000000ede80000)
  to   space 4096K, 0% used [0x00000000ede80000,0x00000000ede80000,0x00000000ee280000)
 ParOldGen       total 65536K, used 22685K [0x00000000c0000000, 0x00000000c4000000, 0x00000000eaa80000)
  object space 65536K, 34% used [0x00000000c0000000,0x00000000c1627480,0x00000000c4000000)
 PSPermGen       total 21504K, used 5860K [0x00000000bae00000, 0x00000000bc300000, 0x00000000c0000000)
  object space 21504K, 27% used [0x00000000bae00000,0x00000000bb3b9278,0x00000000bc300000)
Event: 7.151 GC heap after
Heap after GC invocations=6 (full 0):
 PSYoungGen      total 53248K, used 4089K [0x00000000eaa80000, 0x00000000ee280000, 0x0000000100000000)
  eden space 49152K, 0% used [0x00000000eaa80000,0x00000000eaa80000,0x00000000eda80000)
  from space 4096K, 99% used [0x00000000ede80000,0x00000000ee27e420,0x00000000ee280000)
  to   space 4096K, 0% used [0x00000000eda80000,0x00000000eda80000,0x00000000ede80000)
 ParOldGen       total 65536K, used 30663K [0x00000000c0000000, 0x00000000c4000000, 0x00000000eaa80000)
  object space 65536K, 46% used [0x00000000c0000000,0x00000000c1df1fa0,0x00000000c4000000)
 PSPermGen       total 21504K, used 5860K [0x00000000bae00000, 0x00000000bc300000, 0x00000000c0000000)
  object space 21504K, 27% used [0x00000000bae00000,0x00000000bb3b9278,0x00000000bc300000)
}
Event: 7.451 GC heap before
{Heap before GC invocations=7 (full 0):
 PSYoungGen      total 53248K, used 53241K [0x00000000eaa80000, 0x00000000ee280000, 0x0000000100000000)
  eden space 49152K, 100% used [0x00000000eaa80000,0x00000000eda80000,0x00000000eda80000)
  from space 4096K, 99% used [0x00000000ede80000,0x00000000ee27e420,0x00000000ee280000)
  to   space 4096K, 0% used [0x00000000eda80000,0x00000000eda80000,0x00000000ede80000)
 ParOldGen       total 65536K, used 30663K [0x00000000c0000000, 0x00000000c4000000, 0x00000000eaa80000)
  object space 65536K, 46% used [0x00000000c0000000,0x00000000c1df1fa0,0x00000000c4000000)
 PSPermGen       total 21504K, used 5876K [0x00000000bae00000, 0x00000000bc300000, 0x00000000c0000000)
  object space 21504K, 27% used [0x00000000bae00000,0x00000000bb3bd0e8,0x00000000bc300000)
Event: 7.635 GC heap after
Heap after GC invocations=7 (full 0):
 PSYoungGen      total 53248K, used 4067K [0x00000000eaa80000, 0x00000000ee280000, 0x0000000100000000)
  eden space 49152K, 0% used [0x00000000eaa80000,0x00000000eaa80000,0x00000000eda80000)
  from space 4096K, 99% used [0x00000000eda80000,0x00000000ede78fc0,0x00000000ede80000)
  to   space 4096K, 0% used [0x00000000ede80000,0x00000000ede80000,0x00000000ee280000)
 ParOldGen       total 65536K, used 39019K [0x00000000c0000000, 0x00000000c4000000, 0x00000000eaa80000)
  object space 65536K, 59% used [0x00000000c0000000,0x00000000c261ae60,0x00000000c4000000)
 PSPermGen       total 21504K, used 5876K [0x00000000bae00000, 0x00000000bc300000, 0x00000000c0000000)
  object space 21504K, 27% used [0x00000000bae00000,0x00000000bb3bd0e8,0x00000000bc300000)
}
Event: 7.903 GC heap before
{Heap before GC invocations=8 (full 0):
 PSYoungGen      total 53248K, used 53219K [0x00000000eaa80000, 0x00000000ee280000, 0x0000000100000000)
  eden space 49152K, 100% used [0x00000000eaa80000,0x00000000eda80000,0x00000000eda80000)
  from space 4096K, 99% used [0x00000000eda80000,0x00000000ede78fc0,0x00000000ede80000)
  to   space 4096K, 0% used [0x00000000ede80000,0x00000000ede80000,0x00000000ee280000)
 ParOldGen       total 65536K, used 39026K [0x00000000c0000000, 0x00000000c4000000, 0x00000000eaa80000)
  object space 65536K, 59% used [0x00000000c0000000,0x00000000c261cbc0,0x00000000c4000000)
 PSPermGen       total 21504K, used 5929K [0x00000000bae00000, 0x00000000bc300000, 0x00000000c0000000)
  object space 21504K, 27% used [0x00000000bae00000,0x00000000bb3ca488,0x00000000bc300000)
Event: 7.932 GC heap after
Heap after GC invocations=8 (full 0):
 PSYoungGen      total 53248K, used 4077K [0x00000000eaa80000, 0x00000000ee280000, 0x0000000100000000)
  eden space 49152K, 0% used [0x00000000eaa80000,0x00000000eaa80000,0x00000000eda80000)
  from space 4096K, 99% used [0x00000000ede80000,0x00000000ee27b5f8,0x00000000ee280000)
  to   space 4096K, 0% used [0x00000000eda80000,0x00000000eda80000,0x00000000ede80000)
 ParOldGen       total 65536K, used 47400K [0x00000000c0000000, 0x00000000c4000000, 0x00000000eaa80000)
  object space 65536K, 72% used [0x00000000c0000000,0x00000000c2e4a2e0,0x00000000c4000000)
 PSPermGen       total 21504K, used 5929K [0x00000000bae00000, 0x00000000bc300000, 0x00000000c0000000)
  object space 21504K, 27% used [0x00000000bae00000,0x00000000bb3ca488,0x00000000bc300000)
}
Event: 7.992 GC heap before
{Heap before GC invocations=9 (full 0):
 PSYoungGen      total 53248K, used 18787K [0x00000000eaa80000, 0x00000000ee280000, 0x0000000100000000)
  eden space 49152K, 29% used [0x00000000eaa80000,0x00000000eb8dd700,0x00000000eda80000)
  from space 4096K, 99% used [0x00000000ede80000,0x00000000ee27b5f8,0x00000000ee280000)
  to   space 4096K, 0% used [0x00000000eda80000,0x00000000eda80000,0x00000000ede80000)
 ParOldGen       total 65536K, used 47400K [0x00000000c0000000, 0x00000000c4000000, 0x00000000eaa80000)
  object space 65536K, 72% used [0x00000000c0000000,0x00000000c2e4a2e0,0x00000000c4000000)
 PSPermGen       total 21504K, used 5934K [0x00000000bae00000, 0x00000000bc300000, 0x00000000c0000000)
  object space 21504K, 27% used [0x00000000bae00000,0x00000000bb3cb858,0x00000000bc300000)
Event: 8.005 GC heap after
Heap after GC invocations=9 (full 0):
 PSYoungGen      total 53248K, used 4093K [0x00000000eaa80000, 0x00000000f1680000, 0x0000000100000000)
  eden space 49152K, 0% used [0x00000000eaa80000,0x00000000eaa80000,0x00000000eda80000)
  from space 4096K, 99% used [0x00000000eda80000,0x00000000ede7f5f8,0x00000000ede80000)
  to   space 15872K, 0% used [0x00000000f0700000,0x00000000f0700000,0x00000000f1680000)
 ParOldGen       total 65536K, used 49544K [0x00000000c0000000, 0x00000000c4000000, 0x00000000eaa80000)
  object space 65536K, 75% used [0x00000000c0000000,0x00000000c3062278,0x00000000c4000000)
 PSPermGen       total 21504K, used 5934K [0x00000000bae00000, 0x00000000bc300000, 0x00000000c0000000)
  object space 21504K, 27% used [0x00000000bae00000,0x00000000bb3cb858,0x00000000bc300000)
}
Event: 8.178 GC heap before
{Heap before GC invocations=10 (full 0):
 PSYoungGen      total 53248K, used 53245K [0x00000000eaa80000, 0x00000000f1680000, 0x0000000100000000)
  eden space 49152K, 100% used [0x00000000eaa80000,0x00000000eda80000,0x00000000eda80000)
  from space 4096K, 99% used [0x00000000eda80000,0x00000000ede7f5f8,0x00000000ede80000)
  to   space 15872K, 0% used [0x00000000f0700000,0x00000000f0700000,0x00000000f1680000)
 ParOldGen       total 65536K, used 49544K [0x00000000c0000000, 0x00000000c4000000, 0x00000000eaa80000)
  object space 65536K, 75% used [0x00000000c0000000,0x00000000c3062278,0x00000000c4000000)
 PSPermGen       total 21504K, used 5944K [0x00000000bae00000, 0x00000000bc300000, 0x00000000c0000000)
  object space 21504K, 27% used [0x00000000bae00000,0x00000000bb3ce158,0x00000000bc300000)
Event: 8.204 GC heap after
Heap after GC invocations=10 (full 0):
 PSYoungGen      total 93696K, used 9203K [0x00000000eaa80000, 0x00000000f1580000, 0x0000000100000000)
  eden space 78848K, 0% used [0x00000000eaa80000,0x00000000eaa80000,0x00000000ef780000)
  from space 14848K, 61% used [0x00000000f0700000,0x00000000f0ffced8,0x00000000f1580000)
  to   space 15360K, 0% used [0x00000000ef780000,0x00000000ef780000,0x00000000f0680000)
 ParOldGen       total 65536K, used 52666K [0x00000000c0000000, 0x00000000c4000000, 0x00000000eaa80000)
  object space 65536K, 80% used [0x00000000c0000000,0x00000000c336e8e8,0x00000000c4000000)
 PSPermGen       total 21504K, used 5944K [0x00000000bae00000, 0x00000000bc300000, 0x00000000c0000000)
  object space 21504K, 27% used [0x00000000bae00000,0x00000000bb3ce158,0x00000000bc300000)
}

